\BOOKMARK [0][-]{chapter.1}{Introducción}{}% 1
\BOOKMARK [0][-]{chapter.2}{Estado del arte}{}% 2
\BOOKMARK [1][-]{section.2.1}{QAOA}{chapter.2}% 3
\BOOKMARK [2][-]{subsection.2.1.1}{Computación adiabática cuántica}{section.2.1}% 4
\BOOKMARK [0][-]{chapter.3}{Diseño}{}% 5
\BOOKMARK [1][-]{section.3.1}{Problemas de optimización combinatoria}{chapter.3}% 6
\BOOKMARK [2][-]{subsection.3.1.1}{Añadir restricciones}{section.3.1}% 7
\BOOKMARK [1][-]{section.3.2}{Circuito de QAOA}{chapter.3}% 8
\BOOKMARK [2][-]{subsection.3.2.1}{Estado inicial}{section.3.2}% 9
\BOOKMARK [2][-]{subsection.3.2.2}{Problem hamiltonian y mixing hamiltonian}{section.3.2}% 10
\BOOKMARK [1][-]{section.3.3}{Algoritmo de QAOA}{chapter.3}% 11
\BOOKMARK [0][-]{chapter.4}{Desarrollo}{}% 12
\BOOKMARK [1][-]{section.4.1}{Tutorial de Qiskit - Max Cut}{chapter.4}% 13
\BOOKMARK [2][-]{subsection.4.1.1}{Diferencias con el tutorial}{section.4.1}% 14
\BOOKMARK [1][-]{section.4.2}{Grafo simple - Camino más corto}{chapter.4}% 15
\BOOKMARK [2][-]{subsection.4.2.1}{Diferencias con el artículo}{section.4.2}% 16
\BOOKMARK [0][-]{chapter.5}{Integración, pruebas y resultados}{}% 17
\BOOKMARK [1][-]{section.5.1}{Primer grafo}{chapter.5}% 18
\BOOKMARK [2][-]{subsection.5.1.1}{Resultados de Qiskit}{section.5.1}% 19
\BOOKMARK [2][-]{subsection.5.1.2}{Resultados en ordenador cuántico real}{section.5.1}% 20
\BOOKMARK [2][-]{subsection.5.1.3}{Resultados de D-Wave}{section.5.1}% 21
\BOOKMARK [1][-]{section.5.2}{Tercer grafo}{chapter.5}% 22
\BOOKMARK [2][-]{subsection.5.2.1}{Resultados de Qiskit}{section.5.2}% 23
\BOOKMARK [2][-]{subsection.5.2.2}{Resultados de D-Wave}{section.5.2}% 24
\BOOKMARK [0][-]{chapter.6}{Conclusiones y trabajo futuro}{}% 25
\BOOKMARK [0][-]{section*.45}{Bibliografía}{}% 26
